[2025-07-21 11:38:55,821: INFO: main: Welcome to our custom log]
[2025-07-21 13:29:50,429: INFO: common: yaml file: config\config.yaml loaded successfully]
[2025-07-21 13:29:50,451: INFO: common: yaml file: params.yaml loaded successfully]
[2025-07-21 13:29:50,453: INFO: common: created directory at: artifacts]
[2025-07-21 13:29:50,456: INFO: common: created directory at: artifacts/data_ingestion]
[2025-07-21 13:29:50,458: INFO: 986331348: Downloading data from https://drive.google.com/file/d/1vlhZ5c7abUKF8xXERIw6m9Te8fW7ohw3/view?usp=sharing into file artifacts/data_ingestion/data.zip]
[2025-07-21 13:30:04,994: INFO: 986331348: Downloaded data from https://drive.google.com/file/d/1vlhZ5c7abUKF8xXERIw6m9Te8fW7ohw3/view?usp=sharing into file artifacts/data_ingestion/data.zip]
[2025-07-22 17:41:37,869: INFO: main: >>>>>> stage Data Ingestion stage started <<<<<<]
[2025-07-22 17:41:37,904: INFO: common: yaml file: config\config.yaml loaded successfully]
[2025-07-22 17:41:37,937: INFO: common: yaml file: params.yaml loaded successfully]
[2025-07-22 17:41:37,937: INFO: common: created directory at: artifacts]
[2025-07-22 17:41:37,940: INFO: common: created directory at: artifacts/data_ingestion]
[2025-07-22 17:41:37,940: INFO: data_ingestion: Downloading data from https://drive.google.com/file/d/1vlhZ5c7abUKF8xXERIw6m9Te8fW7ohw3/view?usp=sharing into file artifacts/data_ingestion/data.zip]
[2025-07-22 17:41:52,468: INFO: data_ingestion: Downloaded data from https://drive.google.com/file/d/1vlhZ5c7abUKF8xXERIw6m9Te8fW7ohw3/view?usp=sharing into file artifacts/data_ingestion/data.zip]
[2025-07-22 17:41:56,078: INFO: main: >>>>>> stage Data Ingestion stage completed <<<<<<

x==========x]
[2025-07-22 18:20:38,322: INFO: common: yaml file: config\config.yaml loaded successfully]
[2025-07-22 18:20:38,373: INFO: common: yaml file: params.yaml loaded successfully]
[2025-07-22 18:20:38,389: INFO: common: created directory at: artifacts]
[2025-07-22 18:20:38,395: INFO: common: created directory at: artifacts/prepare_base_model]
[2025-07-22 18:20:53,855: WARNING: saving_utils: Compiled the loaded model, but the compiled metrics have yet to be built. `model.compile_metrics` will be empty until you train or evaluate the model.]
[2025-07-22 18:22:00,133: INFO: main: >>>>>> stage Data Ingestion stage started <<<<<<]
[2025-07-22 18:22:00,136: INFO: common: yaml file: config\config.yaml loaded successfully]
[2025-07-22 18:22:00,136: INFO: common: yaml file: params.yaml loaded successfully]
[2025-07-22 18:22:00,143: INFO: common: created directory at: artifacts]
[2025-07-22 18:22:00,144: INFO: common: created directory at: artifacts/data_ingestion]
[2025-07-22 18:22:00,145: INFO: data_ingestion: Downloading data from https://drive.google.com/file/d/1vlhZ5c7abUKF8xXERIw6m9Te8fW7ohw3/view?usp=sharing into file artifacts/data_ingestion/data.zip]
[2025-07-22 18:22:14,524: INFO: data_ingestion: Downloaded data from https://drive.google.com/file/d/1vlhZ5c7abUKF8xXERIw6m9Te8fW7ohw3/view?usp=sharing into file artifacts/data_ingestion/data.zip]
[2025-07-22 18:22:16,695: INFO: main: >>>>>> stage Data Ingestion stage completed <<<<<<

x==========x]
[2025-07-22 18:37:03,849: INFO: main: >>>>>> stage Data Ingestion stage started <<<<<<]
[2025-07-22 18:37:03,851: INFO: common: yaml file: config\config.yaml loaded successfully]
[2025-07-22 18:37:03,851: INFO: common: yaml file: params.yaml loaded successfully]
[2025-07-22 18:37:03,864: INFO: common: created directory at: artifacts]
[2025-07-22 18:37:03,864: INFO: common: created directory at: artifacts/data_ingestion]
[2025-07-22 18:37:03,868: INFO: data_ingestion: Downloading data from https://drive.google.com/file/d/1vlhZ5c7abUKF8xXERIw6m9Te8fW7ohw3/view?usp=sharing into file artifacts/data_ingestion/data.zip]
[2025-07-22 18:37:18,605: INFO: data_ingestion: Downloaded data from https://drive.google.com/file/d/1vlhZ5c7abUKF8xXERIw6m9Te8fW7ohw3/view?usp=sharing into file artifacts/data_ingestion/data.zip]
[2025-07-22 18:37:20,734: INFO: main: >>>>>> stage Data Ingestion stage completed <<<<<<

x==========x]
[2025-07-22 18:37:20,734: INFO: main: *******************]
[2025-07-22 18:37:20,734: INFO: main: >>>>>> stage Prepare base model started <<<<<<]
[2025-07-22 18:37:20,754: INFO: common: yaml file: config\config.yaml loaded successfully]
[2025-07-22 18:37:20,767: INFO: common: yaml file: params.yaml loaded successfully]
[2025-07-22 18:37:20,776: INFO: common: created directory at: artifacts]
[2025-07-22 18:37:20,784: INFO: common: created directory at: artifacts/prepare_base_model]
[2025-07-22 18:37:22,681: WARNING: saving_api: You are saving your model as an HDF5 file via `model.save()` or `keras.saving.save_model(model)`. This file format is considered legacy. We recommend using instead the native Keras format, e.g. `model.save('my_model.keras')` or `keras.saving.save_model(model, 'my_model.keras')`. ]
[2025-07-22 18:37:23,349: WARNING: saving_api: You are saving your model as an HDF5 file via `model.save()` or `keras.saving.save_model(model)`. This file format is considered legacy. We recommend using instead the native Keras format, e.g. `model.save('my_model.keras')` or `keras.saving.save_model(model, 'my_model.keras')`. ]
[2025-07-22 18:37:24,168: INFO: main: >>>>>> stage Prepare base model completed <<<<<<

x==========x]
[2025-07-23 15:37:02,631: INFO: common: yaml file: config\config.yaml loaded successfully]
[2025-07-23 15:37:02,659: INFO: common: yaml file: params.yaml loaded successfully]
[2025-07-23 15:37:02,659: INFO: common: created directory at: artifacts]
[2025-07-23 15:37:02,659: INFO: common: created directory at: artifacts\training]
[2025-07-23 15:44:13,433: INFO: common: yaml file: config\config.yaml loaded successfully]
[2025-07-23 15:44:13,453: INFO: common: yaml file: params.yaml loaded successfully]
[2025-07-23 15:44:13,458: INFO: common: created directory at: artifacts]
[2025-07-23 15:44:13,461: INFO: common: created directory at: artifacts\training]
[2025-07-23 16:03:48,207: INFO: common: yaml file: config\config.yaml loaded successfully]
[2025-07-23 16:03:48,217: INFO: common: yaml file: params.yaml loaded successfully]
[2025-07-23 16:03:48,221: INFO: common: created directory at: artifacts]
[2025-07-23 16:03:48,224: INFO: common: created directory at: artifacts/prepare_base_model]
[2025-07-23 16:03:51,176: WARNING: saving_utils: Compiled the loaded model, but the compiled metrics have yet to be built. `model.compile_metrics` will be empty until you train or evaluate the model.]
[2025-07-23 16:05:47,354: INFO: main: >>>>>> stage Data Ingestion stage started <<<<<<]
[2025-07-23 16:05:47,354: INFO: common: yaml file: config\config.yaml loaded successfully]
[2025-07-23 16:05:47,371: INFO: common: yaml file: params.yaml loaded successfully]
[2025-07-23 16:05:47,373: INFO: common: created directory at: artifacts]
[2025-07-23 16:05:47,374: INFO: common: created directory at: artifacts/data_ingestion]
[2025-07-23 16:05:47,375: INFO: data_ingestion: Downloading data from https://drive.google.com/file/d/1vlhZ5c7abUKF8xXERIw6m9Te8fW7ohw3/view?usp=sharing into file artifacts/data_ingestion/data.zip]
[2025-07-23 16:06:05,677: INFO: data_ingestion: Downloaded data from https://drive.google.com/file/d/1vlhZ5c7abUKF8xXERIw6m9Te8fW7ohw3/view?usp=sharing into file artifacts/data_ingestion/data.zip]
[2025-07-23 16:06:07,073: INFO: main: >>>>>> stage Data Ingestion stage completed <<<<<<

x==========x]
[2025-07-23 16:06:07,073: INFO: main: *******************]
[2025-07-23 16:06:07,073: INFO: main: >>>>>> stage Prepare base model started <<<<<<]
[2025-07-23 16:06:07,073: INFO: common: yaml file: config\config.yaml loaded successfully]
[2025-07-23 16:06:07,073: INFO: common: yaml file: params.yaml loaded successfully]
[2025-07-23 16:06:07,073: INFO: common: created directory at: artifacts]
[2025-07-23 16:06:07,073: INFO: common: created directory at: artifacts/prepare_base_model]
[2025-07-23 16:06:08,198: WARNING: saving_api: You are saving your model as an HDF5 file via `model.save()` or `keras.saving.save_model(model)`. This file format is considered legacy. We recommend using instead the native Keras format, e.g. `model.save('my_model.keras')` or `keras.saving.save_model(model, 'my_model.keras')`. ]
[2025-07-23 16:06:08,864: WARNING: saving_api: You are saving your model as an HDF5 file via `model.save()` or `keras.saving.save_model(model)`. This file format is considered legacy. We recommend using instead the native Keras format, e.g. `model.save('my_model.keras')` or `keras.saving.save_model(model, 'my_model.keras')`. ]
[2025-07-23 16:06:09,189: INFO: main: >>>>>> stage Prepare base model completed <<<<<<

x==========x]
[2025-07-23 16:11:14,881: INFO: common: yaml file: config\config.yaml loaded successfully]
[2025-07-23 16:11:14,890: INFO: common: yaml file: params.yaml loaded successfully]
[2025-07-23 16:11:14,894: INFO: common: created directory at: artifacts]
[2025-07-23 16:11:14,898: INFO: common: created directory at: artifacts/data_ingestion]
[2025-07-23 16:11:14,903: INFO: 986331348: Downloading data from https://drive.google.com/file/d/1vlhZ5c7abUKF8xXERIw6m9Te8fW7ohw3/view?usp=sharing into file artifacts/data_ingestion/data.zip]
[2025-07-23 16:11:34,077: INFO: 986331348: Downloaded data from https://drive.google.com/file/d/1vlhZ5c7abUKF8xXERIw6m9Te8fW7ohw3/view?usp=sharing into file artifacts/data_ingestion/data.zip]
[2025-07-23 16:16:00,367: INFO: common: yaml file: config\config.yaml loaded successfully]
[2025-07-23 16:16:00,385: INFO: common: yaml file: params.yaml loaded successfully]
[2025-07-23 16:16:00,390: INFO: common: created directory at: artifacts]
[2025-07-23 16:16:00,394: INFO: common: created directory at: artifacts\training]
[2025-07-23 16:33:41,072: INFO: main: >>>>>> stage Data Ingestion stage started <<<<<<]
[2025-07-23 16:33:41,096: INFO: common: yaml file: config\config.yaml loaded successfully]
[2025-07-23 16:33:41,111: INFO: common: yaml file: params.yaml loaded successfully]
[2025-07-23 16:33:41,116: INFO: common: created directory at: artifacts]
[2025-07-23 16:33:41,118: INFO: common: created directory at: artifacts/data_ingestion]
[2025-07-23 16:33:41,119: INFO: data_ingestion: Downloading data from https://drive.google.com/file/d/1vlhZ5c7abUKF8xXERIw6m9Te8fW7ohw3/view?usp=sharing into file artifacts/data_ingestion/data.zip]
[2025-07-23 16:33:55,387: INFO: data_ingestion: Downloaded data from https://drive.google.com/file/d/1vlhZ5c7abUKF8xXERIw6m9Te8fW7ohw3/view?usp=sharing into file artifacts/data_ingestion/data.zip]
[2025-07-23 16:33:56,991: INFO: main: >>>>>> stage Data Ingestion stage completed <<<<<<

x==========x]
[2025-07-23 16:33:56,991: INFO: main: *******************]
[2025-07-23 16:33:56,991: INFO: main: >>>>>> stage Prepare base model started <<<<<<]
[2025-07-23 16:33:56,991: INFO: common: yaml file: config\config.yaml loaded successfully]
[2025-07-23 16:33:57,006: INFO: common: yaml file: params.yaml loaded successfully]
[2025-07-23 16:33:57,008: INFO: common: created directory at: artifacts]
[2025-07-23 16:33:57,009: INFO: common: created directory at: artifacts/prepare_base_model]
[2025-07-23 16:33:58,261: WARNING: saving_utils: Compiled the loaded model, but the compiled metrics have yet to be built. `model.compile_metrics` will be empty until you train or evaluate the model.]
[2025-07-23 16:34:00,583: WARNING: save: Found untraced functions such as _jit_compiled_convolution_op, _jit_compiled_convolution_op, _jit_compiled_convolution_op, _jit_compiled_convolution_op, _jit_compiled_convolution_op while saving (showing 5 of 13). These functions will not be directly callable after loading.]
[2025-07-23 16:34:02,565: INFO: builder_impl: Assets written to: artifacts\prepare_base_model\base_model\assets]
[2025-07-23 16:34:05,504: WARNING: save: Found untraced functions such as _jit_compiled_convolution_op, _jit_compiled_convolution_op, _jit_compiled_convolution_op, _jit_compiled_convolution_op, _jit_compiled_convolution_op while saving (showing 5 of 14). These functions will not be directly callable after loading.]
[2025-07-23 16:34:06,807: INFO: builder_impl: Assets written to: artifacts\prepare_base_model\base_model_updated\assets]
[2025-07-23 16:34:06,931: INFO: main: >>>>>> stage Prepare base model completed <<<<<<

x==========x]
[2025-07-23 16:34:39,677: INFO: common: yaml file: config\config.yaml loaded successfully]
[2025-07-23 16:34:39,707: INFO: common: yaml file: params.yaml loaded successfully]
[2025-07-23 16:34:39,714: INFO: common: created directory at: artifacts]
[2025-07-23 16:34:39,731: INFO: common: created directory at: artifacts\training]
[2025-07-23 16:56:01,757: INFO: main: >>>>>> stage Data Ingestion stage started <<<<<<]
[2025-07-23 16:56:01,757: INFO: common: yaml file: config\config.yaml loaded successfully]
[2025-07-23 16:56:01,757: INFO: common: yaml file: params.yaml loaded successfully]
[2025-07-23 16:56:01,757: INFO: common: created directory at: artifacts]
[2025-07-23 16:56:01,773: INFO: common: created directory at: artifacts/data_ingestion]
[2025-07-23 16:56:01,775: INFO: data_ingestion: Downloading data from https://drive.google.com/file/d/1vlhZ5c7abUKF8xXERIw6m9Te8fW7ohw3/view?usp=sharing into file artifacts/data_ingestion/data.zip]
[2025-07-23 16:56:22,449: INFO: data_ingestion: Downloaded data from https://drive.google.com/file/d/1vlhZ5c7abUKF8xXERIw6m9Te8fW7ohw3/view?usp=sharing into file artifacts/data_ingestion/data.zip]
[2025-07-23 16:56:23,678: INFO: main: >>>>>> stage Data Ingestion stage completed <<<<<<

x==========x]
[2025-07-23 16:56:23,693: INFO: main: *******************]
[2025-07-23 16:56:23,693: INFO: main: >>>>>> stage Prepare base model started <<<<<<]
[2025-07-23 16:56:23,693: INFO: common: yaml file: config\config.yaml loaded successfully]
[2025-07-23 16:56:23,707: INFO: common: yaml file: params.yaml loaded successfully]
[2025-07-23 16:56:23,709: INFO: common: created directory at: artifacts]
[2025-07-23 16:56:23,710: INFO: common: created directory at: artifacts/prepare_base_model]
[2025-07-23 16:56:24,899: WARNING: saving_utils: Compiled the loaded model, but the compiled metrics have yet to be built. `model.compile_metrics` will be empty until you train or evaluate the model.]
[2025-07-23 16:56:27,158: WARNING: save: Found untraced functions such as _jit_compiled_convolution_op, _jit_compiled_convolution_op, _jit_compiled_convolution_op, _jit_compiled_convolution_op, _jit_compiled_convolution_op while saving (showing 5 of 13). These functions will not be directly callable after loading.]
[2025-07-23 16:56:29,511: INFO: builder_impl: Assets written to: artifacts\prepare_base_model\base_model\assets]
[2025-07-23 16:56:31,752: WARNING: save: Found untraced functions such as _jit_compiled_convolution_op, _jit_compiled_convolution_op, _jit_compiled_convolution_op, _jit_compiled_convolution_op, _jit_compiled_convolution_op while saving (showing 5 of 14). These functions will not be directly callable after loading.]
[2025-07-23 16:56:33,948: INFO: builder_impl: Assets written to: artifacts\prepare_base_model\base_model_updated\assets]
[2025-07-23 16:56:34,152: INFO: main: >>>>>> stage Prepare base model completed <<<<<<

x==========x]
[2025-07-23 16:56:34,152: INFO: main: *******************]
[2025-07-23 16:56:34,152: INFO: main: >>>>>> stage Training started <<<<<<]
[2025-07-23 16:56:34,152: INFO: common: yaml file: config\config.yaml loaded successfully]
[2025-07-23 16:56:34,174: INFO: common: yaml file: params.yaml loaded successfully]
[2025-07-23 16:56:34,174: INFO: common: created directory at: artifacts]
[2025-07-23 16:56:34,178: INFO: common: created directory at: artifacts\training]
[2025-07-23 17:02:49,643: INFO: main: >>>>>> stage Training completed <<<<<<

x==========x]
